\BOOKMARK [0][-]{chapter.1}{Methodology}{}% 1
\BOOKMARK [1][-]{section.1.1}{Complex networks}{chapter.1}% 2
\BOOKMARK [1][-]{section.1.2}{Types of networks}{chapter.1}% 3
\BOOKMARK [1][-]{section.1.3}{The structure of complex networks}{chapter.1}% 4
\BOOKMARK [2][-]{subsection.1.3.1}{Degree distribution}{section.1.3}% 5
\BOOKMARK [2][-]{subsection.1.3.2}{Degree correlations}{section.1.3}% 6
\BOOKMARK [2][-]{subsection.1.3.3}{Clustering coefficient}{section.1.3}% 7
\BOOKMARK [2][-]{subsection.1.3.4}{Network paths}{section.1.3}% 8
\BOOKMARK [2][-]{subsection.1.3.5}{D-measure}{section.1.3}% 9
\BOOKMARK [2][-]{subsection.1.3.6}{Community structure}{section.1.3}% 10
\BOOKMARK [1][-]{section.1.4}{Network models}{chapter.1}% 11
\BOOKMARK [2][-]{subsection.1.4.1}{Random network model}{section.1.4}% 12
\BOOKMARK [2][-]{subsection.1.4.2}{Small-world networks}{section.1.4}% 13
\BOOKMARK [2][-]{subsection.1.4.3}{Barab\341si-Albert model}{section.1.4}% 14
\BOOKMARK [2][-]{subsection.1.4.4}{Nonlinear preferential attachment model}{section.1.4}% 15
\BOOKMARK [2][-]{subsection.1.4.5}{Ageing model}{section.1.4}% 16
\BOOKMARK [2][-]{subsection.1.4.6}{Stochastic block model}{section.1.4}% 17
\BOOKMARK [1][-]{section.1.5}{The probability distributions}{chapter.1}% 18
\BOOKMARK [2][-]{subsection.1.5.1}{The properties of distributions}{section.1.5}% 19
\BOOKMARK [2][-]{subsection.1.5.2}{Plotting the distributions}{section.1.5}% 20
\BOOKMARK [2][-]{subsection.1.5.3}{Estimating the distribution parameters}{section.1.5}% 21
\BOOKMARK [1][-]{section.1.6}{Fractal analysis}{chapter.1}% 22
\BOOKMARK [2][-]{subsection.1.6.1}{Long and Short-term correlations}{section.1.6}% 23
\BOOKMARK [2][-]{subsection.1.6.2}{Rescaled range analysis}{section.1.6}% 24
\BOOKMARK [2][-]{subsection.1.6.3}{Fluctuation analysis}{section.1.6}% 25
\BOOKMARK [2][-]{subsection.1.6.4}{Multifractality of the signals}{section.1.6}% 26
\BOOKMARK [1][-]{section.1.7}{Dynamical reputation model}{chapter.1}% 27
\BOOKMARK [0][-]{chapter.2}{Driving signals}{}% 28
\BOOKMARK [1][-]{section.2.1}{Aging network model with growth signal}{chapter.2}% 29
\BOOKMARK [2][-]{subsection.2.1.1}{Time-series from real systems}{section.2.1}% 30
\BOOKMARK [2][-]{subsection.2.1.2}{D-measure}{section.2.1}% 31
\BOOKMARK [2][-]{subsection.2.1.3}{The structure of networks}{section.2.1}% 32
\BOOKMARK [1][-]{section.2.2}{Long range correlated signals}{chapter.2}% 33
\BOOKMARK [1][-]{section.2.3}{Conclusions}{chapter.2}% 34
\BOOKMARK [0][-]{chapter.3}{The growth of social groups}{}% 35
\BOOKMARK [1][-]{section.3.1}{Social groups}{chapter.3}% 36
\BOOKMARK [2][-]{subsection.3.1.1}{The empirical analysis of social groups}{section.3.1}% 37
\BOOKMARK [1][-]{section.3.2}{The model}{chapter.3}% 38
\BOOKMARK [2][-]{subsection.3.2.1}{Groups growth model}{section.3.2}% 39
\BOOKMARK [2][-]{subsection.3.2.2}{Dependence of the group size distribution on model parameters}{section.3.2}% 40
\BOOKMARK [1][-]{section.3.3}{Results}{chapter.3}% 41
\BOOKMARK [2][-]{subsection.3.3.1}{Distributions fit}{section.3.3}% 42
\BOOKMARK [0][-]{chapter.4}{The role of trust in knowledge based communities}{}% 43
\BOOKMARK [1][-]{section.4.1}{Network properties of Stack Exchange data}{chapter.4}% 44
\BOOKMARK [1][-]{section.4.2}{Core-periphery structure}{chapter.4}% 45
\BOOKMARK [1][-]{section.4.3}{Dynamical Reputation model}{chapter.4}% 46
\BOOKMARK [0][-]{appendix.A}{Stack Exchange}{}% 47
\BOOKMARK [1][-]{section.A.1}{Comparison between active and closed SE communities}{appendix.A}% 48
\BOOKMARK [0][-]{appendix.B}{Choice of model parameters}{}% 49
\BOOKMARK [1][-]{section.B.1}{Selection of dynamical reputation model parameters}{appendix.B}% 50
\BOOKMARK [1][-]{section.B.2}{Dynamic reputation - \040parameter}{appendix.B}% 51
\BOOKMARK [0][-]{appendix.C}{The choice of the sliding window}{}% 52
\BOOKMARK [0][-]{appendix.D}{Robustness of core-periphery algorithm}{}% 53
\BOOKMARK [1][-]{section.D.1}{Precision and recall}{appendix.D}% 54
\BOOKMARK [1][-]{section.D.2}{F1 measure}{appendix.D}% 55
\BOOKMARK [1][-]{section.D.3}{Jaccard coefficient}{appendix.D}% 56
\BOOKMARK [1][-]{section.D.4}{Normalized mutual information}{appendix.D}% 57
\BOOKMARK [1][-]{section.D.5}{Adjusted rand index}{appendix.D}% 58
\BOOKMARK [0][-]{appendix*.1}{Bibliography}{}% 59
