This is pdfTeX, Version 3.14159265-2.6-1.40.20 (TeX Live 2019/Debian) (preloaded format=pdflatex 2021.9.9)  22 MAR 2022 23:41
entering extended mode
 restricted \write18 enabled.
 %&-line parsing enabled.
**thesis.tex
(./thesis.tex
LaTeX2e <2020-02-02> patch level 2
L3 programming layer <2020-02-14>
(/usr/share/texlive/texmf-dist/tex/latex/memoir/memoir.cls
Document Class: memoir 2019/11/21 v3.7j configurable book, report, article docu
ment class
\onelineskip=\skip47
\lxvchars=\skip48
\xlvchars=\skip49
\@memcnta=\count167
\c@@memmarkcntra=\count168
LaTeX Info: Redefining \InputIfFileExists on input line 140.
(/usr/share/texlive/texmf-dist/tex/generic/iftex/iftex.sty
Package: iftex 2019/11/07 v1.0c TeX engine tests
)
\stockheight=\skip50
\stockwidth=\skip51
\trimtop=\skip52
\trimedge=\skip53

(/usr/share/texlive/texmf-dist/tex/latex/memoir/mem12.clo
File: mem12.clo 2010/10/19 v0.4b memoir class 12pt size option
)
\binding=\skip54
\spinemargin=\skip55
\foremargin=\skip56
\uppermargin=\skip57
\lowermargin=\skip58
\headdrop=\skip59
\normalrulethickness=\skip60
\mem@maxheadheight=\skip61
\mem@maxfootheight=\skip62
\headwidth=\skip63
\c@storedpagenumber=\count169
\memPD=\dimen134
\m@mabparskip=\skip64
\thanksmarkwidth=\skip65
\thanksmarksep=\skip66
\droptitle=\skip67
\c@book=\count170
\c@part=\count171
\c@chapter=\count172
\c@section=\count173
\c@subsection=\count174
\c@subsubsection=\count175
\c@paragraph=\count176
\c@subparagraph=\count177
\beforechapskip=\skip68
\midchapskip=\skip69
\afterchapskip=\skip70
\chapindent=\skip71
\bottomsectionskip=\skip72
\secindent=\skip73
\beforesecskip=\skip74
\aftersecskip=\skip75
\subsecindent=\skip76
\beforesubsecskip=\skip77
\aftersubsecskip=\skip78
\subsubsecindent=\skip79
\beforesubsubsecskip=\skip80
\aftersubsubsecskip=\skip81
\paraindent=\skip82
\beforeparaskip=\skip83
\afterparaskip=\skip84
\subparaindent=\skip85
\beforesubparaskip=\skip86
\aftersubparaskip=\skip87
\pfbreakskip=\skip88
\c@@ppsavesec=\count178
\c@@ppsaveapp=\count179
\ragrparindent=\dimen135
\everylistparindent=\dimen136
\parsepi=\skip89
\topsepi=\skip90
\itemsepi=\skip91
\parsepii=\skip92
\topsepii=\skip93
\topsepiii=\skip94
\itemsepii=\skip95
\itemsepiii=\skip96
\partopsepii=\skip97
\partopsepiii=\skip98
\m@msavetopsep=\skip99
\m@msavepartopsep=\skip100
\@enLab=\toks14
\abstitleskip=\skip101
\absleftindent=\skip102
\abs@leftindent=\dimen137
\absrightindent=\skip103
\absparindent=\skip104
\absparsep=\skip105
\c@vslineno=\count180
\c@poemline=\count181
\c@modulo@vs=\count182
\c@memfvsline=\count183
\vleftskip=\skip106
\vrightskip=\skip107
\stanzaskip=\skip108
\versewidth=\skip109
\vgap=\skip110
\vindent=\skip111
\vleftmargin=\dimen138
\c@verse=\count184
\c@chrsinstr=\count185
\beforepoemtitleskip=\skip112
\afterpoemtitleskip=\skip113
\c@poem=\count186
\beforePoemTitleskip=\skip114
\midPoemTitleskip=\skip115
\afterPoemTitleskip=\skip116

(/usr/share/texlive/texmf-dist/tex/latex/tools/array.sty
Package: array 2019/08/31 v2.4l Tabular extension package (FMi)
\col@sep=\dimen139
\ar@mcellbox=\box45
\extrarowheight=\dimen140
\NC@list=\toks15
\extratabsurround=\skip117
\backup@length=\skip118
\ar@cellbox=\box46
)
(/usr/share/texlive/texmf-dist/tex/latex/tools/dcolumn.sty
Package: dcolumn 2014/10/28 v1.06 decimal alignment package (DPC)
)
(/usr/share/texlive/texmf-dist/tex/latex/tools/delarray.sty
Package: delarray 2014/10/28 v1.01 array delimiter package (DPC)
)
(/usr/share/texlive/texmf-dist/tex/latex/tools/tabularx.sty
Package: tabularx 2020/01/15 v2.11c `tabularx' package (DPC)
\TX@col@width=\dimen141
\TX@old@table=\dimen142
\TX@old@col=\dimen143
\TX@target=\dimen144
\TX@delta=\dimen145
\TX@cols=\count187
\TX@ftn=\toks16
)
\heavyrulewidth=\dimen146
\lightrulewidth=\dimen147
\cmidrulewidth=\dimen148
\belowrulesep=\dimen149
\belowbottomsep=\dimen150
\aboverulesep=\dimen151
\abovetopsep=\dimen152
\cmidrulesep=\dimen153
\cmidrulekern=\dimen154
\defaultaddspace=\dimen155
\@cmidla=\count188
\@cmidlb=\count189
\@aboverulesep=\dimen156
\@belowrulesep=\dimen157
\@thisruleclass=\count190
\@lastruleclass=\count191
\@thisrulewidth=\dimen158
\ctableftskip=\skip119
\ctabrightskip=\skip120
\abovecolumnspenalty=\count192
\@linestogo=\count193
\@cellstogo=\count194
\@cellsincolumn=\count195
\crtok=\toks17
\@mincolumnwidth=\dimen159
\c@newflo@tctr=\count196
\mem@margin@floatbox=\box47
\@contcwidth=\skip121
\@contindw=\skip122
\abovecaptionskip=\skip123
\belowcaptionskip=\skip124
\subfloattopskip=\skip125
\subfloatcapskip=\skip126
\subfloatcaptopadj=\skip127
\subfloatbottomskip=\skip128
\subfloatlabelskip=\skip129
\subfloatcapmargin=\dimen160
\c@@contsubnum=\count197
\m@mscap@capbox=\box48
\m@mscap@fbox=\box49
\sidecapsep=\dimen161
\sidecapwidth=\dimen162
\m@m@tempdima=\dimen163
\m@mscapraise=\dimen164
\sidecapraise=\dimen165
\m@mscapmainwidth=\dimen166
\m@mscaplkern=\dimen167
\beforeepigraphskip=\skip130
\afterepigraphskip=\skip131
\epigraphwidth=\skip132
\epigraphrule=\skip133
LaTeX Info: Redefining \em on input line 7662.
LaTeX Info: Redefining \emph on input line 7670.
\tocentryskip=\skip134
\tocbaseline=\skip135
\cftparskip=\skip136
\cftbeforebookskip=\skip137
\cftbookindent=\dimen168
\cftbooknumwidth=\dimen169
\cftbeforepartskip=\skip138
\cftpartindent=\skip139
\cftpartnumwidth=\skip140
\cftbeforechapterskip=\skip141
\cftchapterindent=\skip142
\cftchapternumwidth=\skip143
\cftbeforesectionskip=\skip144
\cftsectionindent=\skip145
\cftsectionnumwidth=\skip146
\cftbeforesubsectionskip=\skip147
\cftsubsectionindent=\skip148
\cftsubsectionnumwidth=\skip149
\cftbeforesubsubsectionskip=\skip150
\cftsubsubsectionindent=\skip151
\cftsubsubsectionnumwidth=\skip152
\cftbeforeparagraphskip=\skip153
\cftparagraphindent=\skip154
\cftparagraphnumwidth=\skip155
\cftbeforesubparagraphskip=\skip156
\cftsubparagraphindent=\skip157
\cftsubparagraphnumwidth=\skip158
\prechapterprecisshift=\dimen170
\c@maxsecnumdepth=\count198
\bibindent=\dimen171
\bibitemsep=\skip159
\indexcolsep=\skip160
\indexrule=\skip161
\indexmarkstyle=\toks18
\@indexbox=\insert199
\glossarycolsep=\dimen172
\glossaryrule=\dimen173
\sideparvshift=\skip162
\sideins=\insert252
\sidebartopsep=\skip163
\sidebarhsep=\skip164
\sidebarvsep=\skip165
\sidebarwidth=\skip166
\footmarkwidth=\skip167
\footmarksep=\skip168
\footparindent=\skip169
\footinsdim=\skip170
\footinsv@r=\insert251
\@mpfootinsv@r=\insert250
\m@m@k=\count266
\m@m@h=\dimen174
\m@mipn@skip=\skip171
\sidefootins=\insert249
\sidefootadjust=\skip172
\sidefootheight=\skip173
\sidefoothsep=\skip174
\sidefootvsep=\skip175
\sidefootwidth=\skip176
\m@mdownsf=\skip177
\c@sidefootnote=\count267
\sidefootmarkwidth=\skip178
\sidefootmarksep=\skip179
\sidefootparindent=\skip180
\c@pagenote=\count268
\c@pagenoteshadow=\count269
\mem@pn@lastkern=\skip181
\every@verbatim=\toks19
\afterevery@verbatim=\toks20
\verbatim@line=\toks21
\tab@position=\count270
\verbatim@in@stream=\read2
\verbatimindent=\skip182
\verbatim@out=\write3
\bvboxsep=\skip183
\c@memfbvline=\count271
\c@bvlinectr=\count272
\bvnumlength=\skip184
\fb@frw=\dimen175
\fb@frh=\dimen176
\FrameRule=\dimen177
\FrameSep=\dimen178
\c@cp@cntr=\count273
LaTeX Info: Redefining \: on input line 12187.
LaTeX Info: Redefining \! on input line 12189.
\c@ism@mctr=\count274
\c@xsm@mctr=\count275
\c@csm@mctr=\count276
\c@ksm@mctr=\count277
\c@xksm@mctr=\count278
\c@cksm@mctr=\count279
\c@msm@mctr=\count280
\c@xmsm@mctr=\count281
\c@cmsm@mctr=\count282
\c@bsm@mctr=\count283
\c@workm@mctr=\count284
\c@sheetsequence=\count285
\c@lastsheet=\count286
\c@lastpage=\count287

(/usr/share/texlive/texmf-dist/tex/latex/textcase/textcase.sty
Package: textcase 2019/09/14 v1.00 Text only upper/lower case changing (DPC)
)
\c@figure=\count288
\c@lofdepth=\count289
\cftbeforefigureskip=\skip185
\cftfigureindent=\skip186
\cftfigurenumwidth=\skip187
\c@table=\count290
\c@lotdepth=\count291
\cftbeforetableskip=\skip188
\cfttableindent=\skip189
\cfttablenumwidth=\skip190
Package abstract [2008/07/23] emulated by memoir.
Package appendix [2008/07/23] emulated by memoir.
Package booktabs [2016/05/16] emulated by memoir.
Package ccaption [2008/07/23] emulated by memoir.
Package changepage [2008/07/23] emulated by memoir.
Package chngcntr [2008/07/23] emulated by memoir.
Package chngpage [2008/07/23] emulated by memoir.
Package crop emulated by memoir.
Package enumerate [2008/07/23] emulated by memoir.
Package epigraph [2008/07/23] emulated by memoir.
Package ifmtarg [2008/07/23] emulated by memoir.
Package index [2008/07/23] emulated by memoir.
Package makeidx [2008/07/23] emulated by memoir.
Package moreverb [2008/07/23] emulated by memoir.
Package mparhack [2008/07/23] emulated by memoir.
Package needspace [2008/07/23] emulated by memoir.
Package newfile [2008/07/23] emulated by memoir.
Package nextpage [2008/07/23] emulated by memoir.
Package pagenote [2008/07/23] emulated by memoir.
Package parskip [2008/07/23] emulated by memoir.
Package patchcmd [2008/07/23] emulated by memoir.
Package setspace [2008/07/23] emulated by memoir.
Package shortvrb [2008/07/23] emulated by memoir.
Package showidx [2008/07/23] emulated by memoir.
Package titleref [2008/07/23] emulated by memoir.
Package titling [2008/07/23] emulated by memoir.
Package tocbibind [2008/07/23] emulated by memoir.
Package tocloft [2008/07/23] emulated by memoir.
Package tocvsec2 [2008/07/23] emulated by memoir.
Package verbatim [2008/07/23] emulated by memoir.
Package verse [2008/07/23] emulated by memoir.
)
(/usr/share/texlive/texmf-dist/tex/latex/base/inputenc.sty
Package: inputenc 2018/08/11 v1.3c Input encoding file
\inpenc@prehook=\toks22
\inpenc@posthook=\toks23
)
(/usr/share/texlive/texmf-dist/tex/latex/base/fontenc.sty
Package: fontenc 2020/02/11 v2.0o Standard LaTeX package
)
(/usr/share/texlive/texmf-dist/tex/latex/microtype/microtype.sty
Package: microtype 2019/11/18 v2.7d Micro-typographical refinements (RS)

(/usr/share/texlive/texmf-dist/tex/latex/graphics/keyval.sty
Package: keyval 2014/10/28 v1.15 key=value parser (DPC)
\KV@toks@=\toks24
)
\MT@toks=\toks25
\MT@count=\count292
LaTeX Info: Redefining \textls on input line 790.
\MT@outer@kern=\dimen179
LaTeX Info: Redefining \textmicrotypecontext on input line 1354.
\MT@listname@count=\count293

(/usr/share/texlive/texmf-dist/tex/latex/microtype/microtype-pdftex.def
File: microtype-pdftex.def 2019/11/18 v2.7d Definitions specific to pdftex (RS)

LaTeX Info: Redefining \lsstyle on input line 914.
LaTeX Info: Redefining \lslig on input line 914.
\MT@outer@space=\skip191
)
Package microtype Info: Loading configuration file microtype.cfg.

(/usr/share/texlive/texmf-dist/tex/latex/microtype/microtype.cfg
File: microtype.cfg 2019/11/18 v2.7d microtype main configuration file (RS)
))
(/usr/share/texlive/texmf-dist/tex/latex/graphics/graphicx.sty
Package: graphicx 2019/11/30 v1.2a Enhanced LaTeX Graphics (DPC,SPQR)

(/usr/share/texlive/texmf-dist/tex/latex/graphics/graphics.sty
Package: graphics 2019/11/30 v1.4a Standard LaTeX Graphics (DPC,SPQR)

(/usr/share/texlive/texmf-dist/tex/latex/graphics/trig.sty
Package: trig 2016/01/03 v1.10 sin cos tan (DPC)
)
(/usr/share/texlive/texmf-dist/tex/latex/graphics-cfg/graphics.cfg
File: graphics.cfg 2016/06/04 v1.11 sample graphics configuration
)
Package graphics Info: Driver file: dvips.def on input line 105.

(/usr/share/texlive/texmf-dist/tex/latex/graphics-def/dvips.def
File: dvips.def 2017/06/20 v3.1d Graphics/color driver for dvips
))
\Gin@req@height=\dimen180
\Gin@req@width=\dimen181
)
(/usr/share/texlive/texmf-dist/tex/latex/xcolor/xcolor.sty
Package: xcolor 2016/05/11 v2.12 LaTeX color extensions (UK)

(/usr/share/texlive/texmf-dist/tex/latex/graphics-cfg/color.cfg
File: color.cfg 2016/01/02 v1.6 sample color configuration
)
Package xcolor Info: Driver file: pdftex.def on input line 225.

(/usr/share/texlive/texmf-dist/tex/latex/graphics-def/pdftex.def
File: pdftex.def 2018/01/08 v1.0l Graphics/color driver for pdftex
)
Package xcolor Info: Model `cmy' substituted by `cmy0' on input line 1348.
Package xcolor Info: Model `RGB' extended on input line 1364.
Package xcolor Info: Model `HTML' substituted by `rgb' on input line 1366.
Package xcolor Info: Model `Hsb' substituted by `hsb' on input line 1367.
Package xcolor Info: Model `tHsb' substituted by `hsb' on input line 1368.
Package xcolor Info: Model `HSB' substituted by `hsb' on input line 1369.
Package xcolor Info: Model `Gray' substituted by `gray' on input line 1370.
Package xcolor Info: Model `wave' substituted by `hsb' on input line 1371.
)
(/usr/share/texlive/texmf-dist/tex/latex/psnfss/mathpazo.sty
Package: mathpazo 2005/04/12 PSNFSS-v9.2a Palatino w/ Pazo Math (D.Puga, WaS) 
\symupright=\mathgroup4
)
(/usr/share/texlive/texmf-dist/tex/latex/hyperref/hyperref.sty
Package: hyperref 2020/01/14 v7.00d Hypertext links for LaTeX

(/usr/share/texlive/texmf-dist/tex/generic/ltxcmds/ltxcmds.sty
Package: ltxcmds 2019/12/15 v1.24 LaTeX kernel commands for general use (HO)
)
(/usr/share/texlive/texmf-dist/tex/latex/pdftexcmds/pdftexcmds.sty
Package: pdftexcmds 2019/11/24 v0.31 Utility functions of pdfTeX for LuaTeX (HO
)

(/usr/share/texlive/texmf-dist/tex/generic/infwarerr/infwarerr.sty
Package: infwarerr 2019/12/03 v1.5 Providing info/warning/error messages (HO)
)
Package pdftexcmds Info: \pdf@primitive is available.
Package pdftexcmds Info: \pdf@ifprimitive is available.
Package pdftexcmds Info: \pdfdraftmode found.
)
(/usr/share/texlive/texmf-dist/tex/generic/kvsetkeys/kvsetkeys.sty
Package: kvsetkeys 2019/12/15 v1.18 Key value parser (HO)
)
(/usr/share/texlive/texmf-dist/tex/generic/kvdefinekeys/kvdefinekeys.sty
Package: kvdefinekeys 2019-12-19 v1.6 Define keys (HO)
)
(/usr/share/texlive/texmf-dist/tex/generic/pdfescape/pdfescape.sty
Package: pdfescape 2019/12/09 v1.15 Implements pdfTeX's escape features (HO)
)
(/usr/share/texlive/texmf-dist/tex/latex/hycolor/hycolor.sty
Package: hycolor 2020-01-27 v1.10 Color options for hyperref/bookmark (HO)
)
(/usr/share/texlive/texmf-dist/tex/latex/letltxmacro/letltxmacro.sty
Package: letltxmacro 2019/12/03 v1.6 Let assignment for LaTeX macros (HO)
)
(/usr/share/texlive/texmf-dist/tex/latex/auxhook/auxhook.sty
Package: auxhook 2019-12-17 v1.6 Hooks for auxiliary files (HO)
)
(/usr/share/texlive/texmf-dist/tex/latex/kvoptions/kvoptions.sty
Package: kvoptions 2019/11/29 v3.13 Key value format for package options (HO)
)
\@linkdim=\dimen182
\Hy@linkcounter=\count294
\Hy@pagecounter=\count295

(/usr/share/texlive/texmf-dist/tex/latex/hyperref/pd1enc.def
File: pd1enc.def 2020/01/14 v7.00d Hyperref: PDFDocEncoding definition (HO)
Now handling font encoding PD1 ...
... no UTF-8 mapping file for font encoding PD1
)
(/usr/share/texlive/texmf-dist/tex/generic/intcalc/intcalc.sty
Package: intcalc 2019/12/15 v1.3 Expandable calculations with integers (HO)
)
(/usr/share/texlive/texmf-dist/tex/generic/etexcmds/etexcmds.sty
Package: etexcmds 2019/12/15 v1.7 Avoid name clashes with e-TeX commands (HO)
)
\Hy@SavedSpaceFactor=\count296
\pdfmajorversion=\count297
Package hyperref Info: Option `breaklinks' set `true' on input line 4421.
Package hyperref Info: Option `colorlinks' set `true' on input line 4421.
Package hyperref Info: Option `bookmarks' set `true' on input line 4421.
Package hyperref Info: Hyper figures OFF on input line 4547.
Package hyperref Info: Link nesting OFF on input line 4552.
Package hyperref Info: Hyper index ON on input line 4555.
Package hyperref Info: Plain pages OFF on input line 4562.
Package hyperref Info: Backreferencing OFF on input line 4567.
Package hyperref Info: Implicit mode ON; LaTeX internals redefined.
Package hyperref Info: Bookmarks ON on input line 4800.
\c@Hy@tempcnt=\count298

(/usr/share/texlive/texmf-dist/tex/latex/url/url.sty
\Urlmuskip=\muskip16
Package: url 2013/09/16  ver 3.4  Verb mode for urls, etc.
)
LaTeX Info: Redefining \url on input line 5159.
\XeTeXLinkMargin=\dimen183

(/usr/share/texlive/texmf-dist/tex/generic/bitset/bitset.sty
Package: bitset 2019/12/09 v1.3 Handle bit-vector datatype (HO)

(/usr/share/texlive/texmf-dist/tex/generic/bigintcalc/bigintcalc.sty
Package: bigintcalc 2019/12/15 v1.5 Expandable calculations on big integers (HO
)
))
\Fld@menulength=\count299
\Field@Width=\dimen184
\Fld@charsize=\dimen185
Package hyperref Info: Hyper figures OFF on input line 6430.
Package hyperref Info: Link nesting OFF on input line 6435.
Package hyperref Info: Hyper index ON on input line 6438.
Package hyperref Info: backreferencing OFF on input line 6445.
Package hyperref Info: Link coloring ON on input line 6448.
Package hyperref Info: Link coloring with OCG OFF on input line 6455.
Package hyperref Info: PDF/A mode OFF on input line 6460.
LaTeX Info: Redefining \ref on input line 6500.
LaTeX Info: Redefining \pageref on input line 6504.

(/usr/share/texlive/texmf-dist/tex/generic/atbegshi/atbegshi.sty
Package: atbegshi 2019/12/05 v1.19 At begin shipout hook (HO)
)
\Hy@abspage=\count300
\c@Item=\count301
\c@Hfootnote=\count302
)
(/usr/share/texlive/texmf-dist/tex/latex/memoir/memhfixc.sty
Package: memhfixc 2019/10/24 v1.18 nameref/hyperref package fixes for memoir cl
ass
\c@memhycontfloat=\count303
\c@Hpagenote=\count304
)
Package hyperref Info: Driver (autodetected): hpdftex.

(/usr/share/texlive/texmf-dist/tex/latex/hyperref/hpdftex.def
File: hpdftex.def 2020/01/14 v7.00d Hyperref driver for pdfTeX

(/usr/share/texlive/texmf-dist/tex/latex/atveryend/atveryend.sty
Package: atveryend 2019-12-11 v1.11 Hooks at the very end of document (HO)
Package atveryend Info: \enddocument detected (standard20110627).
)
\Fld@listcount=\count305
\c@bookmark@seq@number=\count306

(/usr/share/texlive/texmf-dist/tex/latex/rerunfilecheck/rerunfilecheck.sty
Package: rerunfilecheck 2019/12/05 v1.9 Rerun checks for auxiliary files (HO)

(/usr/share/texlive/texmf-dist/tex/generic/uniquecounter/uniquecounter.sty
Package: uniquecounter 2019/12/15 v1.4 Provide unlimited unique counter (HO)
)
Package uniquecounter Info: New unique counter `rerunfilecheck' on input line 2
86.
)
\Hy@SectionHShift=\skip192
)
(/usr/share/texlive/texmf-dist/tex/latex/multirow/multirow.sty
Package: multirow 2019/05/31 v2.5 Span multiple rows of a table
\multirow@colwidth=\skip193
\multirow@cntb=\count307
\multirow@dima=\skip194
\bigstrutjot=\dimen186
)
(/usr/share/texlive/texmf-dist/tex/latex/geometry/geometry.sty
Package: geometry 2020/01/02 v5.9 Page Geometry

(/usr/share/texlive/texmf-dist/tex/generic/iftex/ifvtex.sty
Package: ifvtex 2019/10/25 v1.7 ifvtex legacy package. Use iftex instead.
)
\Gm@cnth=\count308
\Gm@cntv=\count309
\c@Gm@tempcnt=\count310
\Gm@bindingoffset=\dimen187
\Gm@wd@mp=\dimen188
\Gm@odd@mp=\dimen189
\Gm@even@mp=\dimen190
\Gm@layoutwidth=\dimen191
\Gm@layoutheight=\dimen192
\Gm@layouthoffset=\dimen193
\Gm@layoutvoffset=\dimen194
\Gm@dimlist=\toks26
)
(/usr/share/texlive/texmf-dist/tex/latex/l3backend/l3backend-pdfmode.def
File: l3backend-pdfmode.def 2020-02-03 L3 backend support: PDF mode
\l__kernel_color_stack_int=\count311
\l__pdf_internal_box=\box50
)
(./thesis.aux (./Chapters/Chapter_Introduction.aux)
(./Chapters/Chapter_DrivingSignal.aux) (./Chapters/Chapter_GroupsGrowth.aux)
(./Chapters/Chapter_Trust.aux))
\openout1 = `thesis.aux'.

LaTeX Font Info:    Checking defaults for OML/cmm/m/it on input line 61.
LaTeX Font Info:    ... okay on input line 61.
LaTeX Font Info:    Checking defaults for OMS/cmsy/m/n on input line 61.
LaTeX Font Info:    ... okay on input line 61.
LaTeX Font Info:    Checking defaults for OT1/cmr/m/n on input line 61.
LaTeX Font Info:    ... okay on input line 61.
LaTeX Font Info:    Checking defaults for T1/cmr/m/n on input line 61.
LaTeX Font Info:    ... okay on input line 61.
LaTeX Font Info:    Checking defaults for TS1/cmr/m/n on input line 61.
LaTeX Font Info:    ... okay on input line 61.
LaTeX Font Info:    Checking defaults for OMX/cmex/m/n on input line 61.
LaTeX Font Info:    ... okay on input line 61.
LaTeX Font Info:    Checking defaults for U/cmr/m/n on input line 61.
LaTeX Font Info:    ... okay on input line 61.
LaTeX Font Info:    Checking defaults for PD1/pdf/m/n on input line 61.
LaTeX Font Info:    ... okay on input line 61.
LaTeX Font Info:    Trying to load font information for T1+ppl on input line 61
.

(/usr/share/texlive/texmf-dist/tex/latex/psnfss/t1ppl.fd
File: t1ppl.fd 2001/06/04 font definitions for T1/ppl.
)
LaTeX Info: Redefining \microtypecontext on input line 61.
Package microtype Info: Generating PDF output.
Package microtype Info: Character protrusion enabled (level 2).
Package microtype Info: Using default protrusion set `alltext'.
Package microtype Info: Automatic font expansion enabled (level 2),
(microtype)             stretch: 20, shrink: 20, step: 1, non-selected.
Package microtype Info: Using default expansion set `basictext'.
LaTeX Info: Redefining \showhyphens on input line 61.
Package microtype Info: No adjustment of tracking.
Package microtype Info: No adjustment of interword spacing.
Package microtype Info: No adjustment of character kerning.

(/usr/share/texlive/texmf-dist/tex/latex/microtype/mt-ppl.cfg
File: mt-ppl.cfg 2005/11/16 v1.6 microtype config. file: Palatino (RS)
)
(/usr/share/texlive/texmf-dist/tex/context/base/mkii/supp-pdf.mkii
[Loading MPS to PDF converter (version 2006.09.02).]
\scratchcounter=\count312
\scratchdimen=\dimen195
\scratchbox=\box51
\nofMPsegments=\count313
\nofMParguments=\count314
\everyMPshowfont=\toks27
\MPscratchCnt=\count315
\MPscratchDim=\dimen196
\MPnumerator=\count316
\makeMPintoPDFobject=\count317
\everyMPtoPDFconversion=\toks28
) (/usr/share/texlive/texmf-dist/tex/latex/epstopdf-pkg/epstopdf-base.sty
Package: epstopdf-base 2020-01-24 v2.11 Base part for package epstopdf
Package epstopdf-base Info: Redefining graphics rule for `.eps' on input line 4
85.

(/usr/share/texlive/texmf-dist/tex/latex/latexconfig/epstopdf-sys.cfg
File: epstopdf-sys.cfg 2010/07/13 v1.3 Configuration of (r)epstopdf for TeX Liv
e
))
\big@size=\dimen197
\AtBeginShipoutBox=\box52
Package hyperref Info: Link coloring ON on input line 61.

(/usr/share/texlive/texmf-dist/tex/latex/hyperref/nameref.sty
Package: nameref 2019/09/16 v2.46 Cross-referencing by name of section

(/usr/share/texlive/texmf-dist/tex/latex/refcount/refcount.sty
Package: refcount 2019/12/15 v3.6 Data extraction from label references (HO)
)
(/usr/share/texlive/texmf-dist/tex/generic/gettitlestring/gettitlestring.sty
Package: gettitlestring 2019/12/15 v1.6 Cleanup title references (HO)
)
\c@section@level=\count318
)
Redoing nameref's sectioning
Redoing nameref's label
LaTeX Info: Redefining \nameref on input line 61.
LaTeX Info: Redefining \ref on input line 61.
LaTeX Info: Redefining \pageref on input line 61.
LaTeX Info: Redefining \nameref on input line 61.
(./thesis.out) (./thesis.out)
\@outlinefile=\write4
\openout4 = `thesis.out'.


*geometry* driver: auto-detecting
*geometry* detected driver: pdftex
*geometry* verbose mode - [ preamble ] result:
* driver: pdftex
* paper: a4paper
* layout: <same size as paper>
* layoutoffset:(h,v)=(0.0pt,0.0pt)
* modes: twoside 
* h-part:(L,W,R)=(56.9055pt, 483.69687pt, 56.9055pt)
* v-part:(T,H,B)=(56.9055pt, 731.23584pt, 56.9055pt)
* \paperwidth=597.50787pt
* \paperheight=845.04684pt
* \textwidth=483.69687pt
* \textheight=731.23584pt
* \oddsidemargin=-15.36449pt
* \evensidemargin=-15.36449pt
* \topmargin=-49.73828pt
* \headheight=14.5pt
* \headsep=19.8738pt
* \topskip=12.0pt
* \footskip=30.0pt
* \marginparwidth=92.0pt
* \marginparsep=7.0pt
* \columnsep=10.0pt
* \skip\footins=12.0pt plus 4.0pt minus 4.0pt
* \hoffset=0.0pt
* \voffset=0.0pt
* \mag=1000
* \@twocolumnfalse
* \@twosidetrue
* \@mparswitchtrue
* \@reversemarginfalse
* (1in=72.27pt=25.4mm, 1cm=28.453pt)

(./thesis.toc
LaTeX Font Info:    Trying to load font information for OT1+ppl on input line 1
.
 (/usr/share/texlive/texmf-dist/tex/latex/psnfss/ot1ppl.fd
File: ot1ppl.fd 2001/06/04 font definitions for OT1/ppl.
)
LaTeX Font Info:    Trying to load font information for OML+zplm on input line 
1.

(/usr/share/texlive/texmf-dist/tex/latex/psnfss/omlzplm.fd
File: omlzplm.fd 2002/09/08 Fontinst v1.914 font definitions for OML/zplm.
)
LaTeX Font Info:    Trying to load font information for OMS+zplm on input line 
1.

(/usr/share/texlive/texmf-dist/tex/latex/psnfss/omszplm.fd
File: omszplm.fd 2002/09/08 Fontinst v1.914 font definitions for OMS/zplm.
)
LaTeX Font Info:    Trying to load font information for OMX+zplm on input line 
1.

(/usr/share/texlive/texmf-dist/tex/latex/psnfss/omxzplm.fd
File: omxzplm.fd 2002/09/08 Fontinst v1.914 font definitions for OMX/zplm.
)
LaTeX Font Info:    Trying to load font information for OT1+zplm on input line 
1.

(/usr/share/texlive/texmf-dist/tex/latex/psnfss/ot1zplm.fd
File: ot1zplm.fd 2002/09/08 Fontinst v1.914 font definitions for OT1/zplm.
)
Package microtype Info: Loading generic protrusion settings for font family
(microtype)             `zplm' (encoding: OT1).
(microtype)             For optimal results, create family-specific settings.
(microtype)             See the microtype manual for details.
) [1
Non-PDF special ignored!
<special> papersize=597.50787pt,845.04684pt

{/var/lib/texmf/fonts/map/pdftex/updmap/pdftex.map}]
\openout2 = `Chapters/Chapter_Introduction.aux'.


(./Chapters/Chapter_Introduction.tex [2



]
<Figures/Konigsberg_bridges.png, id=151, 303.1325pt x 238.8925pt>
File: Figures/Konigsberg_bridges.png Graphic file (type png)
<use Figures/Konigsberg_bridges.png>
Package pdftex.def Info: Figures/Konigsberg_bridges.png  used on input line 15.

(pdftex.def)             Requested size: 145.11053pt x 114.36089pt.
<Figures/Konigsberg_graph.png, id=152, 501.875pt x 401.5pt>
File: Figures/Konigsberg_graph.png Graphic file (type png)
<use Figures/Konigsberg_graph.png>
Package pdftex.def Info: Figures/Konigsberg_graph.png  used on input line 16.
(pdftex.def)             Requested size: 145.11053pt x 116.08893pt.
 [3 <./Figures/Konigsberg_bridges.png> <./Figures/Konigsberg_graph.png>] [4] [5
] [6]
Underfull \vbox (badness 1009) has occurred while \output is active []

 [7]
Underfull \vbox (badness 10000) has occurred while \output is active []

 [8]
[9] [10]
LaTeX Font Info:    Trying to load font information for TS1+ppl on input line 2
00.
 (/usr/share/texlive/texmf-dist/tex/latex/psnfss/ts1ppl.fd
File: ts1ppl.fd 2001/06/04 font definitions for TS1/ppl.
)
<Figures/structures.png, id=224, 699.36281pt x 392.21532pt>
File: Figures/structures.png Graphic file (type png)
<use Figures/structures.png>
Package pdftex.def Info: Figures/structures.png  used on input line 214.
(pdftex.def)             Requested size: 338.58632pt x 189.88905pt.
 [11]
[12 <./Figures/structures.png>] [13] [14]
Underfull \vbox (badness 1400) has occurred while \output is active []

 [15]
Underfull \vbox (badness 10000) has occurred while \output is active []

 [16])
[17]
\openout2 = `Chapters/Chapter_DrivingSignal.aux'.

 (./Chapters/Chapter_DrivingSignal.tex [18



]
<Figures/ciljevi3.png, id=274, 845.19765pt x 597.6729pt>
File: Figures/ciljevi3.png Graphic file (type png)
<use Figures/ciljevi3.png>
Package pdftex.def Info: Figures/ciljevi3.png  used on input line 22.
(pdftex.def)             Requested size: 290.22107pt x 205.22156pt.
 [19]
<Figures/monofractals.png, id=283, 502.2765pt x 458.1918pt>
File: Figures/monofractals.png Graphic file (type png)
<use Figures/monofractals.png>
Package pdftex.def Info: Figures/monofractals.png  used on input line 45.
(pdftex.def)             Requested size: 338.58632pt x 308.88159pt.


LaTeX Warning: `!h' float specifier changed to `!ht'.

[20 <./Figures/ciljevi3.png>]
<Figures/signals.pdf, id=306, 797.15076pt x 326.22404pt>
File: Figures/signals.pdf Graphic file (type pdf)
<use Figures/signals.pdf>
Package pdftex.def Info: Figures/signals.pdf  used on input line 92.
(pdftex.def)             Requested size: 483.69687pt x 197.95105pt.
 [21 <./Figures/monofractals.png>]
<Figures/hurst.pdf, id=316, 412.1774pt x 265.12738pt>
File: Figures/hurst.pdf Graphic file (type pdf)
<use Figures/hurst.pdf>
Package pdftex.def Info: Figures/hurst.pdf  used on input line 99.
(pdftex.def)             Requested size: 290.22107pt x 186.68826pt.
 [22 <./Figures/signals.pdf> <./Figures/hurst.pdf

pdfTeX warning: /usr/bin/pdflatex (file ./Figures/hurst.pdf): PDF inclusion: mu
ltiple pdfs with page group included in a single page
>] [23]
<Figures/diagram.png, id=443, 470.4777pt x 344.0052pt>
File: Figures/diagram.png Graphic file (type png)
<use Figures/diagram.png>
Package pdftex.def Info: Figures/diagram.png  used on input line 132.
(pdftex.def)             Requested size: 241.84843pt x 176.83658pt.

Underfull \vbox (badness 10000) has occurred while \output is active []

 [24 <./Figures/diagram.png>]
<Figures/Ddist_M4_w10.5_w20.5.png, id=457, 413.3844pt x 505.89pt>
File: Figures/Ddist_M4_w10.5_w20.5.png Graphic file (type png)
<use Figures/Ddist_M4_w10.5_w20.5.png>
Package pdftex.def Info: Figures/Ddist_M4_w10.5_w20.5.png  used on input line 1
70.
(pdftex.def)             Requested size: 241.84843pt x 295.97147pt.


LaTeX Warning: `!h' float specifier changed to `!ht'.

[25]
<Figures/Ddistance.pdf, id=470, 418.52371pt x 513.72365pt>
File: Figures/Ddistance.pdf Graphic file (type pdf)
<use Figures/Ddistance.pdf>
Package pdftex.def Info: Figures/Ddistance.pdf  used on input line 182.
(pdftex.def)             Requested size: 241.84843pt x 296.86249pt.


LaTeX Warning: `!h' float specifier changed to `!ht'.


Underfull \vbox (badness 2495) has occurred while \output is active []

 [26 <./Figures/Ddist_M4_w10.5_w20.5.png>] [27 <./Figures/Ddistance.pdf>]
<Figures/aindex.png, id=537, 402.5439pt x 271.7352pt>
File: Figures/aindex.png Graphic file (type png)
<use Figures/aindex.png>
Package pdftex.def Info: Figures/aindex.png  used on input line 201.
(pdftex.def)             Requested size: 217.66211pt x 146.93382pt.
<Figures/clustering.png, id=538, 393.8715pt x 271.7352pt>
File: Figures/clustering.png Graphic file (type png)
<use Figures/clustering.png>
Package pdftex.def Info: Figures/clustering.png  used on input line 202.
(pdftex.def)             Requested size: 217.66211pt x 150.16797pt.
<Figures/b1.pdf, id=540, 854.79347pt x 410.81918pt>
File: Figures/b1.pdf Graphic file (type pdf)
<use Figures/b1.pdf>
Package pdftex.def Info: Figures/b1.pdf  used on input line 213.
(pdftex.def)             Requested size: 338.58632pt x 162.72627pt.


LaTeX Warning: `!h' float specifier changed to `!ht'.

[28 <./Figures/aindex.png> <./Figures/clustering.png>]
<Figures/b3.pdf, id=550, 854.79347pt x 410.81918pt>
File: Figures/b3.pdf Graphic file (type pdf)
<use Figures/b3.pdf>
Package pdftex.def Info: Figures/b3.pdf  used on input line 222.
(pdftex.def)             Requested size: 338.58632pt x 162.72627pt.
<Figures/b2.pdf, id=552, 852.33115pt x 408.87442pt>
File: Figures/b2.pdf Graphic file (type pdf)
<use Figures/b2.pdf>
Package pdftex.def Info: Figures/b2.pdf  used on input line 232.
(pdftex.def)             Requested size: 338.58632pt x 162.42386pt.


LaTeX Warning: `!h' float specifier changed to `!ht'.

[29 <./Figures/b1.pdf> <./Figures/b3.pdf

pdfTeX warning: /usr/bin/pdflatex (file ./Figures/b3.pdf): PDF inclusion: multi
ple pdfs with page group included in a single page
>]

LaTeX Warning: Reference `fig:properties' on page 30 undefined on input line 24
3.


LaTeX Warning: Reference `fig:properties' on page 30 undefined on input line 24
5.


Underfull \vbox (badness 1953) has occurred while \output is active []

 [30 <./Figures/b2.pdf>]) [31]
\openout2 = `Chapters/Chapter_GroupsGrowth.aux'.

 (./Chapters/Chapter_GroupsGrowth.tex [32



]
Underfull \hbox (badness 10000) in paragraph at lines 7--8

 []


Underfull \hbox (badness 10000) in paragraph at lines 9--10

 []


LaTeX Warning: Citation `PNAS' on page 33 undefined on input line 12.


Underfull \hbox (badness 10000) in paragraph at lines 12--13

 []


Underfull \vbox (badness 2469) has occurred while \output is active []

 [33]
Underfull \hbox (badness 10000) in paragraph at lines 16--17

 []


Underfull \hbox (badness 10000) in paragraph at lines 18--19

 []

[34]

LaTeX Warning: Reference `sec:data' on page 35 undefined on input line 20.


LaTeX Warning: Reference `sec:con' on page 35 undefined on input line 20.


LaTeX Warning: Citation `www.meetup.com' on page 35 undefined on input line 24.


[35]
<Figures/Fig2.png, id=879, 635.4942pt x 724.3863pt>
File: Figures/Fig2.png Graphic file (type png)
<use Figures/Fig2.png>
Package pdftex.def Info: Figures/Fig2.png  used on input line 43.
(pdftex.def)             Requested size: 290.22107pt x 330.8232pt.


LaTeX Warning: `!h' float specifier changed to `!ht'.


Underfull \hbox (badness 10000) in paragraph at lines 55--56

 []

[36]
Underfull \vbox (badness 5231) has occurred while \output is active []

 [37 <./Figures/Fig2.png>]
<Figures/Fig1.png, id=912, 628.0263pt x 445.9059pt>
File: Figures/Fig1.png Graphic file (type png)
<use Figures/Fig1.png>
Package pdftex.def Info: Figures/Fig1.png  used on input line 61.
(pdftex.def)             Requested size: 386.95897pt x 274.751pt.

Underfull \hbox (badness 10000) in paragraph at lines 67--68

 []

[38 <./Figures/Fig1.png>]
Underfull \hbox (badness 10000) in paragraph at lines 75--83

 []

[39]
<Figures/test.png, id=950, 599.22362pt x 391.85593pt>
File: Figures/test.png Graphic file (type png)
<use Figures/test.png>
Package pdftex.def Info: Figures/test.png  used on input line 96.
(pdftex.def)             Requested size: 299.61107pt x 195.92747pt.


LaTeX Warning: `!h' float specifier changed to `!ht'.

[40]
<Figures/Fig3.png, id=955, 637.4214pt x 560.3334pt>
File: Figures/Fig3.png Graphic file (type png)
<use Figures/Fig3.png>
Package pdftex.def Info: Figures/Fig3.png  used on input line 117.
(pdftex.def)             Requested size: 290.22107pt x 255.1231pt.


LaTeX Warning: `!h' float specifier changed to `!ht'.

<Figures/Fig4.png, id=956, 630.6762pt x 452.4102pt>
File: Figures/Fig4.png Graphic file (type png)
<use Figures/Fig4.png>
Package pdftex.def Info: Figures/Fig4.png  used on input line 124.
(pdftex.def)             Requested size: 290.22107pt x 208.18715pt.

LaTeX Warning: `!h' float specifier changed to `!ht'.


LaTeX Warning: No positions in optional float specifier.
               Default added (so using `tbp') on input line 129.


Overfull \hbox (41.33849pt too wide) in paragraph at lines 131--139
 [][] 
 []

) [41 <./Figures/test.png>] [42 <./Figures/Fig3.png> <./Figures/Fig4.png>]
\openout2 = `Chapters/Chapter_Trust.aux'.


(./Chapters/Chapter_Trust.tex
Underfull \hbox (badness 10000) in paragraph at lines 9--11

 []


LaTeX Warning: `h' float specifier changed to `ht'.


Underfull \hbox (badness 10000) in paragraph at lines 34--35

 []


Underfull \vbox (badness 5802) has occurred while \output is active []

 [43



]
[44]
<Figures/Active_questions_7days.png, id=991, 1170.3725pt x 175.65625pt>
File: Figures/Active_questions_7days.png Graphic file (type png)
<use Figures/Active_questions_7days.png>
Package pdftex.def Info: Figures/Active_questions_7days.png  used on input line
 47.
(pdftex.def)             Requested size: 241.84843pt x 36.29654pt.
 [45 <./Figures/Active_questions_7days.png>] [46] [47] [48]

LaTeX Warning: Reference `fig:paper_summary' on page 49 undefined on input line
 139.

[49]
<Figures/active_users_mean_dyn_rep.png, id=1056, 578.16pt x 505.89pt>
File: Figures/active_users_mean_dyn_rep.png Graphic file (type png)
<use Figures/active_users_mean_dyn_rep.png>
Package pdftex.def Info: Figures/active_users_mean_dyn_rep.png  used on input l
ine 157.
(pdftex.def)             Requested size: 241.84843pt x 211.61551pt.

Underfull \vbox (badness 10000) has occurred while \output is active []

 [50]
<Figures/Mean_clustering_coef.png, id=1063, 279.9258pt x 448.5558pt>
File: Figures/Mean_clustering_coef.png Graphic file (type png)
<use Figures/Mean_clustering_coef.png>
Package pdftex.def Info: Figures/Mean_clustering_coef.png  used on input line 1
71.
(pdftex.def)             Requested size: 241.84843pt x 387.54369pt.

Underfull \vbox (badness 1331) has occurred while \output is active []

 [51 <./Figures/active_users_mean_dyn_rep.png (PNG copy)>] [52 <./Figures/Mean_
clustering_coef.png>]
<Figures/LN_core_coreper.png, id=1080, 578.16pt x 505.89pt>
File: Figures/LN_core_coreper.png Graphic file (type png)
<use Figures/LN_core_coreper.png>
Package pdftex.def Info: Figures/LN_core_coreper.png  used on input line 184.
(pdftex.def)             Requested size: 241.84843pt x 211.61551pt.
<Figures/core_dr_test.png, id=1081, 867.24pt x 722.7pt>
File: Figures/core_dr_test.png Graphic file (type png)
<use Figures/core_dr_test.png>
Package pdftex.def Info: Figures/core_dr_test.png  used on input line 195.
(pdftex.def)             Requested size: 241.84843pt x 201.53857pt.
 [53 <./Figures/LN_core_coreper.png (PNG copy)>]
Underfull \vbox (badness 3354) has occurred while \output is active []

 [54 <./Figures/core_dr_test.png>]

LaTeX Warning: Reference `fig:dyn_rep_coreper' on page 55 undefined on input li
ne 209.

<Figures/FigA1.png, id=1097, 415.19115pt x 273.9033pt>
File: Figures/FigA1.png Graphic file (type png)
<use Figures/FigA1.png>
Package pdftex.def Info: Figures/FigA1.png  used on input line 244.
(pdftex.def)             Requested size: 241.84843pt x 159.54526pt.
[55]
<Figures/FigA2.png, id=1110, 1077.5457pt x 289.08pt>
File: Figures/FigA2.png Graphic file (type png)
<use Figures/FigA2.png>
Package pdftex.def Info: Figures/FigA2.png  used on input line 258.
(pdftex.def)             Requested size: 483.69687pt x 129.76279pt.


LaTeX Warning: `!h' float specifier changed to `!ht'.

<Figures/FigA3.png, id=1112, 958.3002pt x 505.89pt>
File: Figures/FigA3.png Graphic file (type png)
<use Figures/FigA3.png>
Package pdftex.def Info: Figures/FigA3.png  used on input line 267.
(pdftex.def)             Requested size: 483.69687pt x 255.34505pt.

LaTeX Warning: `!h' float specifier changed to `!ht'.

[56 <./Figures/FigA1.png>]
<Figures/FigA4.png, id=1122, 1070.3187pt x 287.6346pt>
File: Figures/FigA4.png Graphic file (type png)
<use Figures/FigA4.png>
Package pdftex.def Info: Figures/FigA4.png  used on input line 276.
(pdftex.def)             Requested size: 483.69687pt x 129.98737pt.


LaTeX Warning: `!h' float specifier changed to `!ht'.

[57 <./Figures/FigA2.png> <./Figures/FigA3.png>] [58 <./Figures/FigA4.png>]
<Figures/FigA5.png, id=1135, 1097.7813pt x 287.6346pt>
File: Figures/FigA5.png Graphic file (type png)
<use Figures/FigA5.png>
Package pdftex.def Info: Figures/FigA5.png  used on input line 287.
(pdftex.def)             Requested size: 483.69687pt x 126.73515pt.
<Figures/FigA6.png, id=1137, 1078.2684pt x 287.6346pt>
File: Figures/FigA6.png Graphic file (type png)
<use Figures/FigA6.png>
Package pdftex.def Info: Figures/FigA6.png  used on input line 300.
(pdftex.def)             Requested size: 483.69687pt x 129.03058pt.

Underfull \hbox (badness 10000) in paragraph at lines 297--310

 []

[59

 <./Figures/FigA5.png>]
<Figures/FigA7.png, id=1148, 909.1566pt x 395.3169pt>
File: Figures/FigA7.png Graphic file (type png)
<use Figures/FigA7.png>
Package pdftex.def Info: Figures/FigA7.png  used on input line 317.
(pdftex.def)             Requested size: 483.69687pt x 210.32524pt.

Underfull \hbox (badness 10000) in paragraph at lines 311--323

 []


LaTeX Warning: `!h' float specifier changed to `!ht'.

[60 <./Figures/FigA6.png>]
<Figures/FigA8.png, id=1160, 726.67485pt x 504.4446pt>
File: Figures/FigA8.png Graphic file (type png)
<use Figures/FigA8.png>
Package pdftex.def Info: Figures/FigA8.png  used on input line 338.
(pdftex.def)             Requested size: 386.95897pt x 268.62439pt.

Underfull \vbox (badness 3471) has occurred while \output is active []

 [61 <./Figures/FigA7.png>]
<Figures/FigA10.png, id=1175, 914.57684pt x 413.3844pt>
File: Figures/FigA10.png Graphic file (type png)
<use Figures/FigA10.png>
Package pdftex.def Info: Figures/FigA10.png  used on input line 348.
(pdftex.def)             Requested size: 483.69687pt x 218.6259pt.
<Figures/FigA9.png, id=1176, 1078.2684pt x 291.2481pt>
File: Figures/FigA9.png Graphic file (type png)
<use Figures/FigA9.png>
Package pdftex.def Info: Figures/FigA9.png  used on input line 355.
(pdftex.def)             Requested size: 483.69687pt x 130.65157pt.


LaTeX Warning: `!h' float specifier changed to `!ht'.

<Figures/FigA11.png, id=1177, 897.95474pt x 395.3169pt>
File: Figures/FigA11.png Graphic file (type png)
<use Figures/FigA11.png>
Package pdftex.def Info: Figures/FigA11.png  used on input line 364.
(pdftex.def)             Requested size: 483.69687pt x 212.94315pt.

LaTeX Warning: `!h' float specifier changed to `!ht'.

<Figures/FigA12.png, id=1178, 1068.1506pt x 287.6346pt>
File: Figures/FigA12.png Graphic file (type png)
<use Figures/FigA12.png>
Package pdftex.def Info: Figures/FigA12.png  used on input line 371.
(pdftex.def)             Requested size: 483.69687pt x 130.2507pt.

LaTeX Warning: `!h' float specifier changed to `!ht'.

[62 <./Figures/FigA8.png> <./Figures/FigA10.png>] [63 <./Figures/FigA9.png> <./
Figures/FigA11.png> <./Figures/FigA12.png>]
<Figures/popular_casual_degree_interactions_top10.pdf, id=1193, 1445.4pt x 867.
24pt>
File: Figures/popular_casual_degree_interactions_top10.pdf Graphic file (type p
df)
<use Figures/popular_casual_degree_interactions_top10.pdf>
Package pdftex.def Info: Figures/popular_casual_degree_interactions_top10.pdf  
used on input line 379.
(pdftex.def)             Requested size: 483.69687pt x 290.21292pt.
 [64

 <./Figures/popular_casual_degree_interactions_top10.pdf>]
<Figures/FigA14.png, id=1244, 847.7271pt x 1378.9116pt>
File: Figures/FigA14.png Graphic file (type png)
<use Figures/FigA14.png>
Package pdftex.def Info: Figures/FigA14.png  used on input line 395.
(pdftex.def)             Requested size: 386.95897pt x 629.42566pt.


LaTeX Warning: `!h' float specifier changed to `!ht'.


Overfull \hbox (13.66269pt too wide) in paragraph at lines 411--428
[][] 
 []

) [65] [66 <./Figures/FigA14.png>] (./thesis.bbl
bibitemlist
[67


] [68] [69] [70]) [71]
\tf@toc=\write5
\openout5 = `thesis.toc'.

Package atveryend Info: Empty hook `BeforeClearDocument' on input line 136.
Package atveryend Info: Empty hook `AfterLastShipout' on input line 136.
 (./thesis.aux (./Chapters/Chapter_Introduction.aux)
(./Chapters/Chapter_DrivingSignal.aux) (./Chapters/Chapter_GroupsGrowth.aux)
(./Chapters/Chapter_Trust.aux))
Package atveryend Info: Executing hook `AtVeryEndDocument' on input line 136.
Package atveryend Info: Executing hook `AtEndAfterFileList' on input line 136.
Package rerunfilecheck Info: File `thesis.out' has not changed.
(rerunfilecheck)             Checksum: 4A8B79410F54907D7F49FC79A090BE33;1691.


LaTeX Warning: There were undefined references.

Package atveryend Info: Empty hook `AtVeryVeryEnd' on input line 136.
 ) 
Here is how much of TeX's memory you used:
 12560 strings out of 483107
 189232 string characters out of 5964631
 524631 words of memory out of 5000000
 26761 multiletter control sequences out of 15000+600000
 590287 words of font info for 315 fonts, out of 8000000 for 9000
 59 hyphenation exceptions out of 8191
 37i,12n,42p,1982b,454s stack positions out of 5000i,500n,10000p,200000b,80000s
{/usr/share/texlive/texmf-dist/fonts/enc/dvips/base/8r.enc}</usr/share/texliv
e/texmf-dist/fonts/type1/public/amsfonts/cm/cmex10.pfb></usr/share/texlive/texm
f-dist/fonts/type1/public/amsfonts/cm/cmmi10.pfb></usr/share/texlive/texmf-dist
/fonts/type1/public/amsfonts/cm/cmr10.pfb></usr/share/texlive/texmf-dist/fonts/
type1/public/amsfonts/cm/cmsy10.pfb></usr/share/texlive/texmf-dist/fonts/type1/
public/mathpazo/fplmr.pfb></usr/share/texlive/texmf-dist/fonts/type1/public/mat
hpazo/fplmri.pfb></usr/share/texlive/texmf-dist/fonts/type1/urw/palatino/uplb8a
.pfb></usr/share/texlive/texmf-dist/fonts/type1/urw/palatino/uplr8a.pfb></usr/s
hare/texlive/texmf-dist/fonts/type1/urw/palatino/uplri8a.pfb>
Output written on thesis.pdf (71 pages, 8107414 bytes).
PDF statistics:
 1368 PDF objects out of 1440 (max. 8388607)
 881 compressed objects within 9 object streams
 258 named destinations out of 1000 (max. 500000)
 32156 words of extra memory for PDF output out of 35830 (max. 10000000)

