\BOOKMARK [0][-]{chapter.1}{\376\377\000M\000e\000t\000h\000o\000d\000o\000l\000o\000g\000y}{}% 1
\BOOKMARK [1][-]{section.1.1}{\376\377\000C\000o\000m\000p\000l\000e\000x\000\040\000n\000e\000t\000w\000o\000r\000k\000s}{chapter.1}% 2
\BOOKMARK [1][-]{section.1.2}{\376\377\000T\000y\000p\000e\000s\000\040\000o\000f\000\040\000n\000e\000t\000w\000o\000r\000k\000s}{chapter.1}% 3
\BOOKMARK [1][-]{section.1.3}{\376\377\000T\000h\000e\000\040\000s\000t\000r\000u\000c\000t\000u\000r\000e\000\040\000o\000f\000\040\000c\000o\000m\000p\000l\000e\000x\000\040\000n\000e\000t\000w\000o\000r\000k\000s}{chapter.1}% 4
\BOOKMARK [2][-]{subsection.1.3.1}{\376\377\000D\000e\000g\000r\000e\000e\000\040\000d\000i\000s\000t\000r\000i\000b\000u\000t\000i\000o\000n}{section.1.3}% 5
\BOOKMARK [2][-]{subsection.1.3.2}{\376\377\000D\000e\000g\000r\000e\000e\000\040\000c\000o\000r\000r\000e\000l\000a\000t\000i\000o\000n\000s}{section.1.3}% 6
\BOOKMARK [2][-]{subsection.1.3.3}{\376\377\000C\000l\000u\000s\000t\000e\000r\000i\000n\000g\000\040\000c\000o\000e\000f\000f\000i\000c\000i\000e\000n\000t}{section.1.3}% 7
\BOOKMARK [2][-]{subsection.1.3.4}{\376\377\000N\000e\000t\000w\000o\000r\000k\000\040\000p\000a\000t\000h\000s}{section.1.3}% 8
\BOOKMARK [2][-]{subsection.1.3.5}{\376\377\000D\000-\000m\000e\000a\000s\000u\000r\000e}{section.1.3}% 9
\BOOKMARK [2][-]{subsection.1.3.6}{\376\377\000C\000o\000m\000m\000u\000n\000i\000t\000y\000\040\000s\000t\000r\000u\000c\000t\000u\000r\000e}{section.1.3}% 10
\BOOKMARK [1][-]{section.1.4}{\376\377\000N\000e\000t\000w\000o\000r\000k\000\040\000m\000o\000d\000e\000l\000s}{chapter.1}% 11
\BOOKMARK [2][-]{subsection.1.4.1}{\376\377\000R\000a\000n\000d\000o\000m\000\040\000n\000e\000t\000w\000o\000r\000k\000\040\000m\000o\000d\000e\000l}{section.1.4}% 12
\BOOKMARK [2][-]{subsection.1.4.2}{\376\377\000S\000m\000a\000l\000l\000-\000w\000o\000r\000l\000d\000\040\000n\000e\000t\000w\000o\000r\000k\000s}{section.1.4}% 13
\BOOKMARK [2][-]{subsection.1.4.3}{\376\377\000B\000a\000r\000a\000b\000\341\000s\000i\000-\000A\000l\000b\000e\000r\000t\000\040\000m\000o\000d\000e\000l}{section.1.4}% 14
\BOOKMARK [2][-]{subsection.1.4.4}{\376\377\000N\000o\000n\000l\000i\000n\000e\000a\000r\000\040\000p\000r\000e\000f\000e\000r\000e\000n\000t\000i\000a\000l\000\040\000a\000t\000t\000a\000c\000h\000m\000e\000n\000t\000\040\000m\000o\000d\000e\000l}{section.1.4}% 15
\BOOKMARK [2][-]{subsection.1.4.5}{\376\377\000A\000g\000e\000i\000n\000g\000\040\000m\000o\000d\000e\000l}{section.1.4}% 16
\BOOKMARK [2][-]{subsection.1.4.6}{\376\377\000S\000t\000o\000c\000h\000a\000s\000t\000i\000c\000\040\000b\000l\000o\000c\000k\000\040\000m\000o\000d\000e\000l}{section.1.4}% 17
\BOOKMARK [1][-]{section.1.5}{\376\377\000T\000h\000e\000\040\000p\000r\000o\000p\000e\000r\000t\000i\000e\000s\000\040\000o\000f\000\040\000p\000r\000o\000b\000a\000b\000i\000l\000i\000t\000y\000\040\000d\000i\000s\000t\000r\000i\000b\000u\000t\000i\000o\000n\000s}{chapter.1}% 18
\BOOKMARK [2][-]{subsection.1.5.1}{\376\377\000P\000o\000i\000s\000s\000o\000n\000\040\000d\000i\000s\000t\000r\000i\000b\000u\000t\000i\000o\000n}{section.1.5}% 19
\BOOKMARK [2][-]{subsection.1.5.2}{\376\377\000P\000o\000w\000e\000r\000\040\000l\000a\000w}{section.1.5}% 20
\BOOKMARK [2][-]{subsection.1.5.3}{\376\377\000L\000o\000g\000n\000o\000r\000m\000a\000l\000\040\000d\000i\000s\000t\000r\000i\000b\000u\000t\000i\000o\000n}{section.1.5}% 21
\BOOKMARK [2][-]{subsection.1.5.4}{\376\377\000P\000o\000w\000e\000r\000\040\000l\000a\000w\000\040\000w\000i\000t\000h\000\040\000e\000x\000p\000o\000n\000e\000n\000t\000i\000a\000l\000\040\000c\000u\000t\000o\000f\000f}{section.1.5}% 22
\BOOKMARK [2][-]{subsection.1.5.5}{\376\377\000S\000t\000r\000e\000c\000h\000e\000d\000\040\000e\000x\000p\000o\000n\000e\000n\000t\000i\000a\000l}{section.1.5}% 23
\BOOKMARK [2][-]{subsection.1.5.6}{\376\377\000P\000l\000o\000t\000t\000i\000n\000g\000\040\000t\000h\000e\000\040\000f\000a\000t\000-\000t\000a\000i\000l\000e\000d\000\040\000d\000i\000s\000t\000r\000i\000b\000u\000t\000i\000o\000n\000s}{section.1.5}% 24
\BOOKMARK [2][-]{subsection.1.5.7}{\376\377\000T\000h\000e\000\040\000g\000o\000o\000d\000n\000e\000s\000s\000-\000o\000f\000-\000f\000i\000t}{section.1.5}% 25
\BOOKMARK [1][-]{section.1.6}{\376\377\000M\000u\000l\000t\000i\000p\000l\000i\000c\000a\000t\000i\000v\000e\000\040\000p\000r\000o\000c\000e\000s\000s\000e\000s}{chapter.1}% 26
\BOOKMARK [1][-]{section.1.7}{\376\377\000F\000r\000a\000c\000t\000a\000l\000\040\000a\000n\000a\000l\000y\000s\000i\000s}{chapter.1}% 27
\BOOKMARK [2][-]{subsection.1.7.1}{\376\377\000D\000e\000t\000r\000e\000n\000d\000e\000d\000\040\000f\000l\000u\000c\000t\000u\000a\000t\000i\000o\000n\000\040\000a\000n\000a\000l\000y\000s\000i\000s}{section.1.7}% 28
\BOOKMARK [2][-]{subsection.1.7.2}{\376\377\000M\000u\000l\000t\000i\000f\000r\000a\000c\000t\000a\000l\000i\000t\000y\000\040\000o\000f\000\040\000t\000h\000e\000\040\000s\000i\000g\000n\000a\000l\000s}{section.1.7}% 29
\BOOKMARK [1][-]{section.1.8}{\376\377\000D\000y\000n\000a\000m\000i\000c\000a\000l\000\040\000r\000e\000p\000u\000t\000a\000t\000i\000o\000n\000\040\000m\000o\000d\000e\000l}{chapter.1}% 30
